2025-02-07 11:27:47,817 - INFO - BTCUSDT Next Day Prediction: 96946.35174617032
2025-02-07 11:27:47,817 - INFO - ETHUSDT Next Day Prediction: 2687.2357273250846
2025-02-08 10:33:03,662 - INFO - BTCUSDT Next Day Prediction: 96946.35174617032
2025-02-08 10:33:03,662 - INFO - ETHUSDT Next Day Prediction: 2687.2357273250846
2025-02-08 10:35:38,248 - INFO - BTCUSDT Next Day Prediction: 96946.35174617032
2025-02-08 10:35:38,248 - INFO - ETHUSDT Next Day Prediction: 2687.2357273250846
2025-02-08 10:42:40,433 - INFO - BTCUSDT Next Day Prediction: 96946.35174617032
2025-02-08 10:42:40,433 - INFO - ETHUSDT Next Day Prediction: 2687.2357273250846
2025-02-08 10:46:49,825 - INFO - BTCUSDT Next Day Prediction: 96946.35174617032
2025-02-08 10:46:49,845 - INFO - ETHUSDT Next Day Prediction: 2687.2357273250846
2025-02-08 11:01:26,824 - INFO - BTCUSDT Next Day Prediction: 96946.35174617032
2025-02-08 11:01:26,825 - INFO - ETHUSDT Next Day Prediction: 2687.2357273250846
2025-02-10 17:53:13,669 - INFO - BTCUSDT Next Day Prediction: 96946.35174617032
2025-02-10 17:53:13,670 - INFO - ETHUSDT Next Day Prediction: 2687.2357273250846
2025-02-17 23:35:05,723 - INFO - BTCUSDT Next Day Prediction: 96946.35174617032
2025-02-17 23:35:05,723 - INFO - ETHUSDT Next Day Prediction: 2687.2357273250846
2025-02-17 23:48:52,374 - WARNING -  * Debugger is active!
2025-02-17 23:48:52,385 - INFO -  * Debugger PIN: 457-438-372
2025-02-17 23:49:02,829 - INFO - 127.0.0.1 - - [17/Feb/2025 23:49:02] "[33mGET / HTTP/1.1[0m" 404 -
2025-02-17 23:49:13,694 - INFO - [31m[1mWARNING: This is a development server. Do not use it in a production deployment. Use a production WSGI server instead.[0m
 * Running on http://127.0.0.1:5000
2025-02-17 23:49:13,694 - INFO - [33mPress CTRL+C to quit[0m
2025-02-17 23:49:13,708 - INFO -  * Restarting with watchdog (windowsapi)
2025-02-17 23:49:16,656 - WARNING -  * Debugger is active!
2025-02-17 23:49:16,656 - INFO -  * Debugger PIN: 457-438-372
2025-02-17 23:49:18,718 - INFO -  * Detected change in 'd:\\JMM Internship\\M6- Web Development\\Task 1\\CryptoForcasting\\app.py', reloading
2025-02-17 23:49:18,727 - INFO -  * Detected change in 'd:\\JMM Internship\\M6- Web Development\\Task 1\\CryptoForcasting\\app.py', reloading
2025-02-17 23:49:18,727 - INFO -  * Detected change in 'd:\\JMM Internship\\M6- Web Development\\Task 1\\CryptoForcasting\\app.py', reloading
2025-02-17 23:49:19,900 - INFO -  * Restarting with watchdog (windowsapi)
2025-02-17 23:49:22,960 - WARNING -  * Debugger is active!
2025-02-17 23:49:22,960 - INFO -  * Debugger PIN: 457-438-372
2025-02-17 23:50:45,790 - INFO - [31m[1mWARNING: This is a development server. Do not use it in a production deployment. Use a production WSGI server instead.[0m
 * Running on http://127.0.0.1:5000
2025-02-17 23:50:45,790 - INFO - [33mPress CTRL+C to quit[0m
2025-02-17 23:50:45,809 - INFO -  * Restarting with watchdog (windowsapi)
2025-02-17 23:50:48,828 - WARNING -  * Debugger is active!
2025-02-17 23:50:48,828 - INFO -  * Debugger PIN: 457-438-372
2025-02-17 23:53:39,772 - INFO - [31m[1mWARNING: This is a development server. Do not use it in a production deployment. Use a production WSGI server instead.[0m
 * Running on http://127.0.0.1:5000
2025-02-17 23:53:39,772 - INFO - [33mPress CTRL+C to quit[0m
2025-02-17 23:53:39,794 - INFO -  * Restarting with watchdog (windowsapi)
2025-02-17 23:53:42,853 - WARNING -  * Debugger is active!
2025-02-17 23:53:42,853 - INFO -  * Debugger PIN: 457-438-372
2025-02-17 23:57:56,154 - INFO - [31m[1mWARNING: This is a development server. Do not use it in a production deployment. Use a production WSGI server instead.[0m
 * Running on http://127.0.0.1:5000
2025-02-17 23:57:56,155 - INFO - [33mPress CTRL+C to quit[0m
2025-02-17 23:57:56,171 - INFO -  * Restarting with watchdog (windowsapi)
2025-02-17 23:57:59,489 - WARNING -  * Debugger is active!
2025-02-17 23:57:59,499 - INFO -  * Debugger PIN: 457-438-372
2025-02-17 23:58:49,912 - INFO -  * Detected change in 'C:\\Users\\Zabih\\anaconda3\\Lib\\pathlib.py', reloading
2025-02-17 23:58:50,989 - INFO -  * Restarting with watchdog (windowsapi)
2025-02-17 23:58:54,166 - WARNING -  * Debugger is active!
2025-02-17 23:58:54,174 - INFO -  * Debugger PIN: 457-438-372
2025-02-17 23:59:23,680 - INFO -  * Detected change in 'd:\\JMM Internship\\M6- Web Development\\Task 1\\CryptoForcasting\\ML_inference.py', reloading
2025-02-17 23:59:23,683 - INFO -  * Detected change in 'd:\\JMM Internship\\M6- Web Development\\Task 1\\CryptoForcasting\\ML_inference.py', reloading
2025-02-17 23:59:23,683 - INFO -  * Detected change in 'd:\\JMM Internship\\M6- Web Development\\Task 1\\CryptoForcasting\\ML_inference.py', reloading
2025-02-17 23:59:24,596 - INFO -  * Restarting with watchdog (windowsapi)
2025-02-17 23:59:27,787 - WARNING -  * Debugger is active!
2025-02-17 23:59:27,787 - INFO -  * Debugger PIN: 457-438-372
